<?xml version="1.0" encoding="UTF-8"?>
<!-- Generated by org.testng.reporters.JUnitReportReporter -->
<testsuite skipped="0" hostname="NDI-LAP-591" name="sheinTest.DashBoardTest" tests="1" failures="0" timestamp="26 Apr 2019 07:36:15 GMT" time="18.533" errors="0">
  <testcase name="verifysubmitsearch" time="18.533" classname="sheinTest.DashBoardTest"/>
</testsuite> <!-- sheinTest.DashBoardTest -->
