<?xml version="1.0" encoding="UTF-8"?>
<!-- Generated by org.testng.reporters.JUnitReportReporter -->
<testsuite skipped="0" hostname="NDI-LAP-591" name="sheinTest.DashBoardTest" tests="1" failures="0" timestamp="24 Apr 2019 20:25:27 GMT" time="16.484" errors="0">
  <testcase name="verifysubmitsearch" time="16.484" classname="sheinTest.DashBoardTest"/>
</testsuite> <!-- sheinTest.DashBoardTest -->
