<?xml version="1.0" encoding="UTF-8"?>
<!-- Generated by org.testng.reporters.JUnitReportReporter -->
<testsuite skipped="0" hostname="NDI-LAP-591" name="sheinTest.CartTest" tests="2" failures="0" timestamp="24 Apr 2019 20:25:27 GMT" time="27.251" errors="0">
  <testcase name="verifyItemAddedToCart" time="22.261" classname="sheinTest.CartTest"/>
  <testcase name="verifyItemIsRemoved" time="4.990" classname="sheinTest.CartTest"/>
</testsuite> <!-- sheinTest.CartTest -->
