<?xml version="1.0" encoding="UTF-8"?>
<!-- Generated by org.testng.reporters.JUnitReportReporter -->
<testsuite skipped="0" hostname="NDI-LAP-591" name="sheinTest.SearrchresultTest" tests="2" failures="0" timestamp="30 Apr 2019 10:26:38 GMT" time="22.218" errors="0">
  <testcase name="verifyItemSearched" time="11.160" classname="sheinTest.SearrchresultTest"/>
  <testcase name="verifyItemSearched" time="11.058" classname="sheinTest.SearrchresultTest"/>
</testsuite> <!-- sheinTest.SearrchresultTest -->
