<?xml version="1.0" encoding="UTF-8"?>
<!-- Generated by org.testng.reporters.JUnitReportReporter -->
<testsuite skipped="0" hostname="NDI-LAP-591" name="sheinTest.HomeTest" tests="1" failures="0" timestamp="30 Apr 2019 10:26:38 GMT" time="15.279" errors="0">
  <testcase name="verifyHomePageDetails" time="15.279" classname="sheinTest.HomeTest"/>
</testsuite> <!-- sheinTest.HomeTest -->
