<?xml version="1.0" encoding="UTF-8"?>
<!-- Generated by org.testng.reporters.JUnitReportReporter -->
<testsuite skipped="0" hostname="NDI-LAP-591" name="sheinTest.LoginTest" tests="2" failures="0" timestamp="27 Apr 2019 12:07:35 GMT" time="11.835" errors="0">
  <testcase name="verifyloginpagetitle" time="4.799" classname="sheinTest.LoginTest"/>
  <testcase name="verifyvalidlogin" time="7.036" classname="sheinTest.LoginTest"/>
</testsuite> <!-- sheinTest.LoginTest -->
