<?xml version="1.0" encoding="UTF-8"?>
<!-- Generated by org.testng.reporters.JUnitReportReporter -->
<testsuite skipped="0" hostname="NDI-LAP-591" name="sheinTest.SearrchresultTest" tests="2" failures="0" timestamp="27 Apr 2019 12:07:35 GMT" time="22.945" errors="0">
  <testcase name="verifyItemSearched" time="12.296" classname="sheinTest.SearrchresultTest"/>
  <testcase name="verifyItemSearched" time="10.649" classname="sheinTest.SearrchresultTest"/>
</testsuite> <!-- sheinTest.SearrchresultTest -->
