<?xml version="1.0" encoding="UTF-8"?>
<!-- Generated by org.testng.reporters.JUnitReportReporter -->
<testsuite skipped="0" hostname="NDI-LAP-591" name="sheinTest.HomeTest" tests="4" failures="0" timestamp="24 Apr 2019 20:25:27 GMT" time="6.026" errors="0">
  <testcase name="verifymenuoption" time="0.318" classname="sheinTest.HomeTest"/>
  <testcase name="verifyloginpage" time="5.622" classname="sheinTest.HomeTest"/>
  <testcase name="verifycompanylogo" time="0.054" classname="sheinTest.HomeTest"/>
  <testcase name="verifyloinbutton" time="0.032" classname="sheinTest.HomeTest"/>
</testsuite> <!-- sheinTest.HomeTest -->
