<?xml version="1.0" encoding="UTF-8"?>
<!-- Generated by org.testng.reporters.JUnitReportReporter -->
<testsuite skipped="0" hostname="NDI-LAP-591" name="sheinTest.LoginTest" tests="2" failures="0" timestamp="27 Apr 2019 08:07:49 GMT" time="15.328" errors="0">
  <testcase name="verifyvalidlogin" time="8.830" classname="sheinTest.LoginTest"/>
  <testcase name="verifyloginpagetitle" time="6.498" classname="sheinTest.LoginTest"/>
</testsuite> <!-- sheinTest.LoginTest -->
