<?xml version="1.0" encoding="UTF-8"?>
<!-- Generated by org.testng.reporters.JUnitReportReporter -->
<testsuite skipped="2" hostname="NDI-LAP-591" name="sheinTest.CartTest" tests="2" failures="0" timestamp="26 Apr 2019 06:11:47 GMT" time="0.000" errors="0">
  <testcase name="verifyItemAddedToCart" time="0.000" classname="sheinTest.CartTest">
    <skipped/>
  </testcase> <!-- verifyItemAddedToCart -->
  <testcase name="verifyItemIsRemoved" time="0.000" classname="sheinTest.CartTest">
    <skipped/>
  </testcase> <!-- verifyItemIsRemoved -->
</testsuite> <!-- sheinTest.CartTest -->
