<?xml version="1.0" encoding="UTF-8"?>
<!-- Generated by org.testng.reporters.JUnitReportReporter -->
<testsuite skipped="0" hostname="NDI-LAP-591" name="sheinTest.LoginTest" tests="2" failures="0" timestamp="24 Apr 2019 20:25:27 GMT" time="9.599" errors="0">
  <testcase name="verifyvalidlogin" time="3.648" classname="sheinTest.LoginTest"/>
  <testcase name="verifyloginpagetitle" time="5.951" classname="sheinTest.LoginTest"/>
</testsuite> <!-- sheinTest.LoginTest -->
