<?xml version="1.0" encoding="UTF-8"?>
<!-- Generated by org.testng.reporters.JUnitReportReporter -->
<testsuite skipped="0" hostname="NDI-LAP-591" name="sheinTest.CartTest" tests="4" failures="0" timestamp="30 Apr 2019 10:26:38 GMT" time="83.235" errors="0">
  <testcase name="verifyItemAddedToCart" time="23.910" classname="sheinTest.CartTest"/>
  <testcase name="verifyItemAddedToCart" time="22.045" classname="sheinTest.CartTest"/>
  <testcase name="verifyItemIsRemoved" time="18.452" classname="sheinTest.CartTest"/>
  <testcase name="verifyItemIsRemoved" time="18.828" classname="sheinTest.CartTest"/>
</testsuite> <!-- sheinTest.CartTest -->
