<?xml version="1.0" encoding="UTF-8"?>
<!-- Generated by org.testng.reporters.JUnitReportReporter -->
<testsuite skipped="0" hostname="NDI-LAP-591" name="sheinTest.SearrchresultTest" tests="2" failures="0" timestamp="27 Apr 2019 08:07:49 GMT" time="12.963" errors="0">
  <testcase name="verifyItemSearched" time="6.187" classname="sheinTest.SearrchresultTest"/>
  <testcase name="verifyItemSearched" time="6.776" classname="sheinTest.SearrchresultTest"/>
</testsuite> <!-- sheinTest.SearrchresultTest -->
