<?xml version="1.0" encoding="UTF-8"?>
<!-- Generated by org.testng.reporters.JUnitReportReporter -->
<testsuite skipped="0" hostname="NDI-LAP-591" name="sheinTest.HomeTest" tests="1" failures="0" timestamp="27 Apr 2019 08:56:15 GMT" time="11.798" errors="0">
  <testcase name="verifyHomePageDetails" time="11.798" classname="sheinTest.HomeTest"/>
</testsuite> <!-- sheinTest.HomeTest -->
