<?xml version="1.0" encoding="UTF-8"?>
<!-- Generated by org.testng.reporters.JUnitReportReporter -->
<testsuite skipped="0" hostname="NDI-LAP-591" name="sheinTest.CartTest" tests="4" failures="0" timestamp="27 Apr 2019 08:07:49 GMT" time="72.656" errors="0">
  <testcase name="verifyItemAddedToCart" time="13.449" classname="sheinTest.CartTest"/>
  <testcase name="verifyItemIsRemoved" time="33.233" classname="sheinTest.CartTest"/>
  <testcase name="verifyItemAddedToCart" time="12.629" classname="sheinTest.CartTest"/>
  <testcase name="verifyItemIsRemoved" time="13.345" classname="sheinTest.CartTest"/>
</testsuite> <!-- sheinTest.CartTest -->
