<?xml version="1.0" encoding="UTF-8"?>
<!-- Generated by org.testng.reporters.JUnitReportReporter -->
<testsuite skipped="0" hostname="NDI-LAP-591" name="sheinTest.LoginTest" tests="1" failures="0" timestamp="30 Apr 2019 10:32:24 GMT" time="70.287" errors="0">
  <testcase name="verifyloginPageTitle" time="70.287" classname="sheinTest.LoginTest"/>
</testsuite> <!-- sheinTest.LoginTest -->
