<?xml version="1.0" encoding="UTF-8"?>
<!-- Generated by org.testng.reporters.JUnitReportReporter -->
<testsuite skipped="0" hostname="NDI-LAP-591" name="sheinTest.CartTest" tests="4" failures="0" timestamp="27 Apr 2019 12:07:35 GMT" time="76.957" errors="0">
  <testcase name="verifyItemIsRemoved" time="14.937" classname="sheinTest.CartTest"/>
  <testcase name="verifyItemAddedToCart" time="23.350" classname="sheinTest.CartTest"/>
  <testcase name="verifyItemIsRemoved" time="15.669" classname="sheinTest.CartTest"/>
  <testcase name="verifyItemAddedToCart" time="23.001" classname="sheinTest.CartTest"/>
</testsuite> <!-- sheinTest.CartTest -->
