<?xml version="1.0" encoding="UTF-8"?>
<!-- Generated by org.testng.reporters.JUnitReportReporter -->
<testsuite skipped="1" hostname="NDI-LAP-591" name="sheinTest.DashBoardTest" tests="1" failures="0" timestamp="26 Apr 2019 06:11:47 GMT" time="0.000" errors="0">
  <testcase name="verifysubmitsearch" time="0.000" classname="sheinTest.DashBoardTest">
    <skipped/>
  </testcase> <!-- verifysubmitsearch -->
</testsuite> <!-- sheinTest.DashBoardTest -->
